<?xml version="1.0" encoding="UTF-8"?>
<!-- Generated by org.testng.reporters.JUnitReportReporter -->
<testsuite skipped="0" hostname="192-168-1-124.tpgi.com.au" name="ContactpageTests.TC002_ValidateSuccessMessage" tests="1" failures="0" timestamp="2021-04-28T16:12:19 AEST" time="20.190" errors="0">
  <testcase name="validateContactSubmission" time="20.190" classname="ContactpageTests.TC002_ValidateSuccessMessage"/>
  <system-out/>
</testsuite> <!-- ContactpageTests.TC002_ValidateSuccessMessage -->
