<?xml version="1.0" encoding="UTF-8"?>
<!-- Generated by org.testng.reporters.JUnitReportReporter -->
<testsuite skipped="0" hostname="192-168-1-124.tpgi.com.au" name="ContactpageTests.TC003_InvalideData" tests="1" failures="0" timestamp="2021-04-28T16:13:21 AEST" time="7.502" errors="0">
  <testcase name="ContactWithInvalideData" time="7.502" classname="ContactpageTests.TC003_InvalideData"/>
  <system-out/>
</testsuite> <!-- ContactpageTests.TC003_InvalideData -->
