<?xml version="1.0" encoding="UTF-8"?>
<!-- Generated by org.testng.reporters.JUnitReportReporter -->
<testsuite skipped="0" hostname="192-168-1-124.tpgi.com.au" name="ShopTests.TC001_validateCart" tests="1" failures="0" timestamp="2021-04-28T16:17:30 AEST" time="10.348" errors="0">
  <testcase name="validateCart" time="10.348" classname="ShopTests.TC001_validateCart"/>
  <system-out/>
</testsuite> <!-- ShopTests.TC001_validateCart -->
