<?xml version="1.0" encoding="UTF-8"?>
<!-- Generated by org.testng.reporters.JUnitReportReporter -->
<testsuite skipped="0" hostname="192-168-1-124.tpgi.com.au" name="ContactpageTests.TC001_ValidateContactpage" tests="2" failures="0" timestamp="2021-04-28T16:07:50 AEST" time="11.267" errors="0">
  <testcase name="validateErrorsContactpage" time="4.459" classname="ContactpageTests.TC001_ValidateContactpage"/>
  <system-out/>
  <testcase name="validateContactpage" time="6.808" classname="ContactpageTests.TC001_ValidateContactpage"/>
  <system-out/>
</testsuite> <!-- ContactpageTests.TC001_ValidateContactpage -->
